<?xml version="1.0" encoding="utf-8"?><testsuites><testsuite errors="0" failures="0" hostname="qapracticalmanager" name="pytest" skipped="0" tests="1" time="0.419" timestamp="2022-09-08T09:55:08.476108"><testcase classname="tests.test_movement_api.TestViews" name="test_get_name" time="0.012" /></testsuite></testsuites>