<?xml version="1.0" encoding="utf-8"?><testsuites><testsuite errors="0" failures="0" hostname="qapracticalmanager" name="pytest" skipped="0" tests="1" time="0.362" timestamp="2022-09-07T18:09:01.055899"><testcase classname="tests.test_movement_api.TestViews" name="test_get_name" time="0.011" /></testsuite></testsuites>