<?xml version="1.0" encoding="utf-8"?><testsuites><testsuite errors="0" failures="0" hostname="qapracticalmanager" name="pytest" skipped="0" tests="2" time="0.369" timestamp="2022-09-07T18:08:54.315594"><testcase classname="tests.test_sets_api.TestViews" name="test_get_reps" time="0.010" /><testcase classname="tests.test_sets_api.TestViews" name="test_get_sets" time="0.005" /></testsuite></testsuites>