<?xml version="1.0" encoding="utf-8"?><testsuites><testsuite errors="0" failures="0" hostname="qapracticalmanager" name="pytest" skipped="0" tests="1" time="0.354" timestamp="2022-09-07T18:09:07.886819"><testcase classname="tests.test_exercise_api.TestViews" name="test_get_exercise" time="0.010" /></testsuite></testsuites>